0 info it worked if it ends with ok
1 verbose cli [ '/Users/eda/.nvm/versions/node/v6.1.0/bin/node',
1 verbose cli   '/Users/eda/.nvm/versions/node/v6.1.0/bin/npm',
1 verbose cli   'run',
1 verbose cli   'index.js' ]
2 info using npm@3.8.6
3 info using node@v6.1.0
4 verbose stack Error: missing script: index.js
4 verbose stack     at run (/Users/eda/.nvm/versions/node/v6.1.0/lib/node_modules/npm/lib/run-script.js:147:19)
4 verbose stack     at /Users/eda/.nvm/versions/node/v6.1.0/lib/node_modules/npm/lib/run-script.js:57:5
4 verbose stack     at /Users/eda/.nvm/versions/node/v6.1.0/lib/node_modules/npm/node_modules/read-package-json/read-json.js:345:5
4 verbose stack     at checkBinReferences_ (/Users/eda/.nvm/versions/node/v6.1.0/lib/node_modules/npm/node_modules/read-package-json/read-json.js:309:45)
4 verbose stack     at final (/Users/eda/.nvm/versions/node/v6.1.0/lib/node_modules/npm/node_modules/read-package-json/read-json.js:343:3)
4 verbose stack     at then (/Users/eda/.nvm/versions/node/v6.1.0/lib/node_modules/npm/node_modules/read-package-json/read-json.js:113:5)
4 verbose stack     at /Users/eda/.nvm/versions/node/v6.1.0/lib/node_modules/npm/node_modules/read-package-json/read-json.js:300:12
4 verbose stack     at /Users/eda/.nvm/versions/node/v6.1.0/lib/node_modules/npm/node_modules/graceful-fs/graceful-fs.js:78:16
4 verbose stack     at tryToString (fs.js:449:3)
4 verbose stack     at FSReqWrap.readFileAfterClose [as oncomplete] (fs.js:436:12)
5 verbose cwd /Users/eda/EDAwork/databases
6 error Darwin 15.4.0
7 error argv "/Users/eda/.nvm/versions/node/v6.1.0/bin/node" "/Users/eda/.nvm/versions/node/v6.1.0/bin/npm" "run" "index.js"
8 error node v6.1.0
9 error npm  v3.8.6
10 error missing script: index.js
11 error If you need help, you may report this error at:
11 error     <https://github.com/npm/npm/issues>
12 verbose exit [ 1, true ]
